<?xml version="1.0" encoding="UTF-8"?>
<testsuite xmlns:xsi="http://www.w3.org/2001/XMLSchema-instance" xsi:noNamespaceSchemaLocation="https://maven.apache.org/surefire/maven-surefire-plugin/xsd/surefire-test-report-3.0.xsd" version="3.0" name="CreatePostTest" time="2.598" tests="1" errors="0" skipped="0" failures="0">
  <properties>
    <property name="java.specification.version" value="21"/>
    <property name="sun.cpu.isalist" value="amd64"/>
    <property name="sun.jnu.encoding" value="Cp1252"/>
    <property name="java.class.path" value="C:\Projects\emeli\target\test-classes;C:\Projects\emeli\target\classes;C:\Users\dmytr\.m2\repository\io\rest-assured\rest-assured\5.3.0\rest-assured-5.3.0.jar;C:\Users\dmytr\.m2\repository\org\apache\groovy\groovy\4.0.6\groovy-4.0.6.jar;C:\Users\dmytr\.m2\repository\org\apache\groovy\groovy-xml\4.0.6\groovy-xml-4.0.6.jar;C:\Users\dmytr\.m2\repository\org\apache\httpcomponents\httpclient\4.5.13\httpclient-4.5.13.jar;C:\Users\dmytr\.m2\repository\org\apache\httpcomponents\httpcore\4.4.13\httpcore-4.4.13.jar;C:\Users\dmytr\.m2\repository\commons-logging\commons-logging\1.2\commons-logging-1.2.jar;C:\Users\dmytr\.m2\repository\commons-codec\commons-codec\1.11\commons-codec-1.11.jar;C:\Users\dmytr\.m2\repository\org\apache\httpcomponents\httpmime\4.5.13\httpmime-4.5.13.jar;C:\Users\dmytr\.m2\repository\org\hamcrest\hamcrest\2.1\hamcrest-2.1.jar;C:\Users\dmytr\.m2\repository\org\ccil\cowan\tagsoup\tagsoup\1.2.1\tagsoup-1.2.1.jar;C:\Users\dmytr\.m2\repository\io\rest-assured\xml-path\5.3.0\xml-path-5.3.0.jar;C:\Users\dmytr\.m2\repository\org\apache\commons\commons-lang3\3.11\commons-lang3-3.11.jar;C:\Users\dmytr\.m2\repository\io\rest-assured\json-path\5.3.0\json-path-5.3.0.jar;C:\Users\dmytr\.m2\repository\org\apache\groovy\groovy-json\4.0.6\groovy-json-4.0.6.jar;C:\Users\dmytr\.m2\repository\io\rest-assured\rest-assured-common\5.3.0\rest-assured-common-5.3.0.jar;C:\Users\dmytr\.m2\repository\org\junit\jupiter\junit-jupiter\5.10.0\junit-jupiter-5.10.0.jar;C:\Users\dmytr\.m2\repository\org\junit\jupiter\junit-jupiter-api\5.10.0\junit-jupiter-api-5.10.0.jar;C:\Users\dmytr\.m2\repository\org\opentest4j\opentest4j\1.3.0\opentest4j-1.3.0.jar;C:\Users\dmytr\.m2\repository\org\junit\platform\junit-platform-commons\1.10.0\junit-platform-commons-1.10.0.jar;C:\Users\dmytr\.m2\repository\org\apiguardian\apiguardian-api\1.1.2\apiguardian-api-1.1.2.jar;C:\Users\dmytr\.m2\repository\org\junit\jupiter\junit-jupiter-params\5.10.0\junit-jupiter-params-5.10.0.jar;C:\Users\dmytr\.m2\repository\org\junit\jupiter\junit-jupiter-engine\5.10.0\junit-jupiter-engine-5.10.0.jar;C:\Users\dmytr\.m2\repository\org\junit\platform\junit-platform-engine\1.10.0\junit-platform-engine-1.10.0.jar;C:\Users\dmytr\.m2\repository\org\apache\httpcomponents\client5\httpclient5\5.2.1\httpclient5-5.2.1.jar;C:\Users\dmytr\.m2\repository\org\apache\httpcomponents\core5\httpcore5\5.2\httpcore5-5.2.jar;C:\Users\dmytr\.m2\repository\org\apache\httpcomponents\core5\httpcore5-h2\5.2\httpcore5-h2-5.2.jar;C:\Users\dmytr\.m2\repository\org\slf4j\slf4j-api\1.7.36\slf4j-api-1.7.36.jar;"/>
    <property name="java.vm.vendor" value="Oracle Corporation"/>
    <property name="sun.arch.data.model" value="64"/>
    <property name="user.variant" value=""/>
    <property name="java.vendor.url" value="https://java.oracle.com/"/>
    <property name="user.timezone" value="America/Chicago"/>
    <property name="os.name" value="Windows 11"/>
    <property name="java.vm.specification.version" value="21"/>
    <property name="sun.java.launcher" value="SUN_STANDARD"/>
    <property name="user.country" value="US"/>
    <property name="sun.boot.library.path" value="C:\Program Files\Java\jdk-21\bin"/>
    <property name="sun.java.command" value="C:\Users\dmytr\AppData\Local\Temp\surefire6414846392625505781\surefirebooter-20250820183444594_3.jar C:\Users\dmytr\AppData\Local\Temp\surefire6414846392625505781 2025-08-20T18-34-44_502-jvmRun1 surefire-20250820183444594_1tmp surefire_0-20250820183444594_2tmp"/>
    <property name="jdk.debug" value="release"/>
    <property name="surefire.test.class.path" value="C:\Projects\emeli\target\test-classes;C:\Projects\emeli\target\classes;C:\Users\dmytr\.m2\repository\io\rest-assured\rest-assured\5.3.0\rest-assured-5.3.0.jar;C:\Users\dmytr\.m2\repository\org\apache\groovy\groovy\4.0.6\groovy-4.0.6.jar;C:\Users\dmytr\.m2\repository\org\apache\groovy\groovy-xml\4.0.6\groovy-xml-4.0.6.jar;C:\Users\dmytr\.m2\repository\org\apache\httpcomponents\httpclient\4.5.13\httpclient-4.5.13.jar;C:\Users\dmytr\.m2\repository\org\apache\httpcomponents\httpcore\4.4.13\httpcore-4.4.13.jar;C:\Users\dmytr\.m2\repository\commons-logging\commons-logging\1.2\commons-logging-1.2.jar;C:\Users\dmytr\.m2\repository\commons-codec\commons-codec\1.11\commons-codec-1.11.jar;C:\Users\dmytr\.m2\repository\org\apache\httpcomponents\httpmime\4.5.13\httpmime-4.5.13.jar;C:\Users\dmytr\.m2\repository\org\hamcrest\hamcrest\2.1\hamcrest-2.1.jar;C:\Users\dmytr\.m2\repository\org\ccil\cowan\tagsoup\tagsoup\1.2.1\tagsoup-1.2.1.jar;C:\Users\dmytr\.m2\repository\io\rest-assured\xml-path\5.3.0\xml-path-5.3.0.jar;C:\Users\dmytr\.m2\repository\org\apache\commons\commons-lang3\3.11\commons-lang3-3.11.jar;C:\Users\dmytr\.m2\repository\io\rest-assured\json-path\5.3.0\json-path-5.3.0.jar;C:\Users\dmytr\.m2\repository\org\apache\groovy\groovy-json\4.0.6\groovy-json-4.0.6.jar;C:\Users\dmytr\.m2\repository\io\rest-assured\rest-assured-common\5.3.0\rest-assured-common-5.3.0.jar;C:\Users\dmytr\.m2\repository\org\junit\jupiter\junit-jupiter\5.10.0\junit-jupiter-5.10.0.jar;C:\Users\dmytr\.m2\repository\org\junit\jupiter\junit-jupiter-api\5.10.0\junit-jupiter-api-5.10.0.jar;C:\Users\dmytr\.m2\repository\org\opentest4j\opentest4j\1.3.0\opentest4j-1.3.0.jar;C:\Users\dmytr\.m2\repository\org\junit\platform\junit-platform-commons\1.10.0\junit-platform-commons-1.10.0.jar;C:\Users\dmytr\.m2\repository\org\apiguardian\apiguardian-api\1.1.2\apiguardian-api-1.1.2.jar;C:\Users\dmytr\.m2\repository\org\junit\jupiter\junit-jupiter-params\5.10.0\junit-jupiter-params-5.10.0.jar;C:\Users\dmytr\.m2\repository\org\junit\jupiter\junit-jupiter-engine\5.10.0\junit-jupiter-engine-5.10.0.jar;C:\Users\dmytr\.m2\repository\org\junit\platform\junit-platform-engine\1.10.0\junit-platform-engine-1.10.0.jar;C:\Users\dmytr\.m2\repository\org\apache\httpcomponents\client5\httpclient5\5.2.1\httpclient5-5.2.1.jar;C:\Users\dmytr\.m2\repository\org\apache\httpcomponents\core5\httpcore5\5.2\httpcore5-5.2.jar;C:\Users\dmytr\.m2\repository\org\apache\httpcomponents\core5\httpcore5-h2\5.2\httpcore5-h2-5.2.jar;C:\Users\dmytr\.m2\repository\org\slf4j\slf4j-api\1.7.36\slf4j-api-1.7.36.jar;"/>
    <property name="sun.cpu.endian" value="little"/>
    <property name="user.home" value="C:\Users\dmytr"/>
    <property name="user.language" value="en"/>
    <property name="java.specification.vendor" value="Oracle Corporation"/>
    <property name="java.version.date" value="2025-04-15"/>
    <property name="java.home" value="C:\Program Files\Java\jdk-21"/>
    <property name="file.separator" value="\"/>
    <property name="basedir" value="C:\Projects\emeli"/>
    <property name="java.vm.compressedOopsMode" value="Zero based"/>
    <property name="line.separator" value="&#10;"/>
    <property name="java.vm.specification.vendor" value="Oracle Corporation"/>
    <property name="java.specification.name" value="Java Platform API Specification"/>
    <property name="surefire.real.class.path" value="C:\Users\dmytr\AppData\Local\Temp\surefire6414846392625505781\surefirebooter-20250820183444594_3.jar"/>
    <property name="user.script" value=""/>
    <property name="sun.management.compiler" value="HotSpot 64-Bit Tiered Compilers"/>
    <property name="java.runtime.version" value="21.0.7+8-LTS-245"/>
    <property name="user.name" value="dmytr"/>
    <property name="stdout.encoding" value="Cp1252"/>
    <property name="path.separator" value=";"/>
    <property name="os.version" value="10.0"/>
    <property name="java.runtime.name" value="Java(TM) SE Runtime Environment"/>
    <property name="file.encoding" value="UTF-8"/>
    <property name="java.vm.name" value="Java HotSpot(TM) 64-Bit Server VM"/>
    <property name="localRepository" value="C:\Users\dmytr\.m2\repository"/>
    <property name="java.vendor.url.bug" value="https://bugreport.java.com/bugreport/"/>
    <property name="java.io.tmpdir" value="C:\Users\dmytr\AppData\Local\Temp\"/>
    <property name="java.version" value="21.0.7"/>
    <property name="user.dir" value="C:\Projects\emeli"/>
    <property name="os.arch" value="amd64"/>
    <property name="java.vm.specification.name" value="Java Virtual Machine Specification"/>
    <property name="sun.os.patch.level" value=""/>
    <property name="native.encoding" value="Cp1252"/>
    <property name="java.library.path" value="C:\Program Files\Java\jdk-21\bin;C:\Windows\Sun\Java\bin;C:\Windows\system32;C:\Windows;C:\Program Files\Common Files\Oracle\Java\javapath;C:\Windows\system32;C:\Windows;C:\Windows\System32\Wbem;C:\Windows\System32\WindowsPowerShell\v1.0\;C:\Windows\System32\OpenSSH\;C:\Program Files (x86)\NVIDIA Corporation\PhysX\Common;C:\Program Files\NVIDIA Corporation\NVIDIA App\NvDLISR;C:\Maven\bin;C:\Program Files\Git\cmd;C:\Program Files\Docker\Docker\resources\bin;C:\Allure\allure-2.34.1\bin;C:\Users\dmytr\AppData\Local\Microsoft\WindowsApps;C:\Users\dmytr\AppData\Local\Programs\Microsoft VS Code\bin; C:\Allure\allure-2.34.1\bin ; C:\Allure\allure-2.34.1\bin ;."/>
    <property name="java.vm.info" value="mixed mode, sharing"/>
    <property name="stderr.encoding" value="Cp1252"/>
    <property name="java.vendor" value="Oracle Corporation"/>
    <property name="java.vm.version" value="21.0.7+8-LTS-245"/>
    <property name="sun.io.unicode.encoding" value="UnicodeLittle"/>
    <property name="java.class.version" value="65.0"/>
  </properties>
  <testcase name="createPostTest" classname="CreatePostTest" time="2.586">
    <system-out><![CDATA[ID:21242
Status:draft
Title:test
Content:test
Date:2025-08-20T23:34:45
Author:1
Link:https://dev.emeli.in.ua/?p=21242
Comment status: open
{"id":21242,"date":"2025-08-20T23:34:45","date_gmt":"2025-08-20T23:34:45","guid":{"rendered":"https:\/\/dev.emeli.in.ua\/?p=21242","raw":"https:\/\/dev.emeli.in.ua\/?p=21242"},"modified":"2025-08-20T23:34:45","modified_gmt":"2025-08-20T23:34:45","password":"","slug":"","status":"draft","type":"post","link":"https:\/\/dev.emeli.in.ua\/?p=21242","title":{"raw":"test","rendered":"test"},"content":{"raw":"test","rendered":"<p>test<\/p>\n","protected":false,"block_version":0},"excerpt":{"raw":"","rendered":"<p>test<\/p>\n","protected":false},"author":1,"featured_media":0,"comment_status":"open","ping_status":"open","sticky":false,"template":"","format":"standard","meta":{"footnotes":""},"categories":[1],"tags":[],"permalink_template":"https:\/\/dev.emeli.in.ua\/news\/%postname%\/html","generated_slug":"test-116","class_list":["post-21242","post","type-post","status-draft","format-standard","hentry","category-news"],"yoast_head":"<!-- This site is optimized with the Yoast SEO plugin v19.4 - https:\/\/yoast.com\/wordpress\/plugins\/seo\/ -->\n<title>test - API Ecommerce<\/title>\n<!-- Admin only notice: this page does not show a meta description because it does not have one, either write it for this page specifically or go into the [SEO - Search Appearance] menu and set up a template. -->\n<meta name=\"robots\" content=\"index, follow, max-snippet:-1, max-image-preview:large, max-video-preview:-1\" \/>\n<link rel=\"canonical\" href=\"https:\/\/dev.emeli.in.ua\/?p=21242\" \/>\n<meta property=\"og:locale\" content=\"en_US\" \/>\n<meta property=\"og:type\" content=\"article\" \/>\n<meta property=\"og:title\" content=\"test - API Ecommerce\" \/>\n<meta property=\"og:description\" content=\"test\" \/>\n<meta property=\"og:url\" content=\"https:\/\/dev.emeli.in.ua\/?p=21242\" \/>\n<meta property=\"og:site_name\" content=\"API Ecommerce\" \/>\n<meta property=\"article:published_time\" content=\"-0001-11-30T00:00:00+00:00\" \/>\n<meta name=\"author\" content=\"admin\" \/>\n<meta name=\"twitter:card\" content=\"summary_large_image\" \/>\n<meta name=\"twitter:label1\" content=\"Written by\" \/>\n\t<meta name=\"twitter:data1\" content=\"admin\" \/>\n<script type=\"application\/ld+json\" class=\"yoast-schema-graph\">{\"@context\":\"https:\/\/schema.org\",\"@graph\":[{\"@type\":\"WebSite\",\"@id\":\"https:\/\/dev.emeli.in.ua\/#website\",\"url\":\"https:\/\/dev.emeli.in.ua\/\",\"name\":\"API Ecommerce\",\"description\":\"\",\"potentialAction\":[{\"@type\":\"SearchAction\",\"target\":{\"@type\":\"EntryPoint\",\"urlTemplate\":\"https:\/\/dev.emeli.in.ua\/?s={search_term_string}\"},\"query-input\":\"required name=search_term_string\"}],\"inLanguage\":\"en-US\"},{\"@type\":\"WebPage\",\"@id\":\"https:\/\/dev.emeli.in.ua\/?p=21242\",\"url\":\"https:\/\/dev.emeli.in.ua\/?p=21242\",\"name\":\"test - API Ecommerce\",\"isPartOf\":{\"@id\":\"https:\/\/dev.emeli.in.ua\/#website\"},\"datePublished\":\"-0001-11-30T00:00:00+00:00\",\"dateModified\":\"-0001-11-30T00:00:00+00:00\",\"author\":{\"@id\":\"https:\/\/dev.emeli.in.ua\/#\/schema\/person\/bb89916873b830900723459d0dd75a1c\"},\"breadcrumb\":{\"@id\":\"https:\/\/dev.emeli.in.ua\/?p=21242#breadcrumb\"},\"inLanguage\":\"en-US\",\"potentialAction\":[{\"@type\":\"ReadAction\",\"target\":[\"https:\/\/dev.emeli.in.ua\/?p=21242\"]}]},{\"@type\":\"BreadcrumbList\",\"@id\":\"https:\/\/dev.emeli.in.ua\/?p=21242#breadcrumb\",\"itemListElement\":[{\"@type\":\"ListItem\",\"position\":1,\"name\":\"\u0413\u043b\u0430\u0432\u043d\u0430\u044f \u0441\u0442\u0440\u0430\u043d\u0438\u0446\u0430\",\"item\":\"https:\/\/dev.emeli.in.ua\/\"},{\"@type\":\"ListItem\",\"position\":2,\"name\":\"test\"}]},{\"@type\":\"Person\",\"@id\":\"https:\/\/dev.emeli.in.ua\/#\/schema\/person\/bb89916873b830900723459d0dd75a1c\",\"name\":\"admin\",\"image\":{\"@type\":\"ImageObject\",\"inLanguage\":\"en-US\",\"@id\":\"https:\/\/dev.emeli.in.ua\/#\/schema\/person\/image\/\",\"url\":\"https:\/\/secure.gravatar.com\/avatar\/e5d4d0a965a0cc3468e7ee377b678f6b?s=96&d=mm&r=g\",\"contentUrl\":\"https:\/\/secure.gravatar.com\/avatar\/e5d4d0a965a0cc3468e7ee377b678f6b?s=96&d=mm&r=g\",\"caption\":\"admin\"}}]}<\/script>\n<!-- \/ Yoast SEO plugin. -->","yoast_head_json":{"title":"test - API Ecommerce","robots":{"index":"index","follow":"follow","max-snippet":"max-snippet:-1","max-image-preview":"max-image-preview:large","max-video-preview":"max-video-preview:-1"},"canonical":"https:\/\/dev.emeli.in.ua\/?p=21242","og_locale":"en_US","og_type":"article","og_title":"test - API Ecommerce","og_description":"test","og_url":"https:\/\/dev.emeli.in.ua\/?p=21242","og_site_name":"API Ecommerce","article_published_time":"-0001-11-30T00:00:00+00:00","author":"admin","twitter_card":"summary_large_image","twitter_misc":{"Written by":"admin"},"schema":{"@context":"https:\/\/schema.org","@graph":[{"@type":"WebSite","@id":"https:\/\/dev.emeli.in.ua\/#website","url":"https:\/\/dev.emeli.in.ua\/","name":"API Ecommerce","description":"","potentialAction":[{"@type":"SearchAction","target":{"@type":"EntryPoint","urlTemplate":"https:\/\/dev.emeli.in.ua\/?s={search_term_string}"},"query-input":"required name=search_term_string"}],"inLanguage":"en-US"},{"@type":"WebPage","@id":"https:\/\/dev.emeli.in.ua\/?p=21242","url":"https:\/\/dev.emeli.in.ua\/?p=21242","name":"test - API Ecommerce","isPartOf":{"@id":"https:\/\/dev.emeli.in.ua\/#website"},"datePublished":"-0001-11-30T00:00:00+00:00","dateModified":"-0001-11-30T00:00:00+00:00","author":{"@id":"https:\/\/dev.emeli.in.ua\/#\/schema\/person\/bb89916873b830900723459d0dd75a1c"},"breadcrumb":{"@id":"https:\/\/dev.emeli.in.ua\/?p=21242#breadcrumb"},"inLanguage":"en-US","potentialAction":[{"@type":"ReadAction","target":["https:\/\/dev.emeli.in.ua\/?p=21242"]}]},{"@type":"BreadcrumbList","@id":"https:\/\/dev.emeli.in.ua\/?p=21242#breadcrumb","itemListElement":[{"@type":"ListItem","position":1,"name":"\u0413\u043b\u0430\u0432\u043d\u0430\u044f \u0441\u0442\u0440\u0430\u043d\u0438\u0446\u0430","item":"https:\/\/dev.emeli.in.ua\/"},{"@type":"ListItem","position":2,"name":"test"}]},{"@type":"Person","@id":"https:\/\/dev.emeli.in.ua\/#\/schema\/person\/bb89916873b830900723459d0dd75a1c","name":"admin","image":{"@type":"ImageObject","inLanguage":"en-US","@id":"https:\/\/dev.emeli.in.ua\/#\/schema\/person\/image\/","url":"https:\/\/secure.gravatar.com\/avatar\/e5d4d0a965a0cc3468e7ee377b678f6b?s=96&d=mm&r=g","contentUrl":"https:\/\/secure.gravatar.com\/avatar\/e5d4d0a965a0cc3468e7ee377b678f6b?s=96&d=mm&r=g","caption":"admin"}}]}},"_links":{"self":[{"href":"https:\/\/dev.emeli.in.ua\/wp-json\/wp\/v2\/posts\/21242"}],"collection":[{"href":"https:\/\/dev.emeli.in.ua\/wp-json\/wp\/v2\/posts"}],"about":[{"href":"https:\/\/dev.emeli.in.ua\/wp-json\/wp\/v2\/types\/post"}],"author":[{"embeddable":true,"href":"https:\/\/dev.emeli.in.ua\/wp-json\/wp\/v2\/users\/1"}],"replies":[{"embeddable":true,"href":"https:\/\/dev.emeli.in.ua\/wp-json\/wp\/v2\/comments?post=21242"}],"version-history":[{"count":0,"href":"https:\/\/dev.emeli.in.ua\/wp-json\/wp\/v2\/posts\/21242\/revisions"}],"wp:attachment":[{"href":"https:\/\/dev.emeli.in.ua\/wp-json\/wp\/v2\/media?parent=21242"}],"wp:term":[{"taxonomy":"category","embeddable":true,"href":"https:\/\/dev.emeli.in.ua\/wp-json\/wp\/v2\/categories?post=21242"},{"taxonomy":"post_tag","embeddable":true,"href":"https:\/\/dev.emeli.in.ua\/wp-json\/wp\/v2\/tags?post=21242"}],"wp:action-publish":[{"href":"https:\/\/dev.emeli.in.ua\/wp-json\/wp\/v2\/posts\/21242"}],"wp:action-unfiltered-html":[{"href":"https:\/\/dev.emeli.in.ua\/wp-json\/wp\/v2\/posts\/21242"}],"wp:action-sticky":[{"href":"https:\/\/dev.emeli.in.ua\/wp-json\/wp\/v2\/posts\/21242"}],"wp:action-assign-author":[{"href":"https:\/\/dev.emeli.in.ua\/wp-json\/wp\/v2\/posts\/21242"}],"wp:action-create-categories":[{"href":"https:\/\/dev.emeli.in.ua\/wp-json\/wp\/v2\/posts\/21242"}],"wp:action-assign-categories":[{"href":"https:\/\/dev.emeli.in.ua\/wp-json\/wp\/v2\/posts\/21242"}],"wp:action-create-tags":[{"href":"https:\/\/dev.emeli.in.ua\/wp-json\/wp\/v2\/posts\/21242"}],"wp:action-assign-tags":[{"href":"https:\/\/dev.emeli.in.ua\/wp-json\/wp\/v2\/posts\/21242"}],"curies":[{"name":"wp","href":"https:\/\/api.w.org\/{rel}","templated":true}]}}
]]></system-out>
  </testcase>
</testsuite>